<?xml version="1.0" encoding="UTF-8"?>
<testng-results ignored="0" total="4" passed="1" failed="3" skipped="0">
  <reporter-output>
  </reporter-output>
  <suite started-at="2022-09-24T21:43:33 CEST" name="Default suite" finished-at="2022-09-24T21:44:44 CEST" duration-ms="71401">
    <groups>
    </groups>
    <test started-at="2022-09-24T21:43:33 CEST" name="Default test" finished-at="2022-09-24T21:44:44 CEST" duration-ms="71401">
      <class name="d20_09_2022_Tests.AutomationPracticeTests">
        <test-method is-config="true" signature="beforeClass()[pri:0, instance:d20_09_2022_Tests.AutomationPracticeTests@d5b810e]" started-at="2022-09-24T21:43:33 CEST" name="beforeClass" finished-at="2022-09-24T21:43:34 CEST" duration-ms="1312" status="PASS">
          <reporter-output>
          </reporter-output>
        </test-method> <!-- beforeClass -->
        <test-method is-config="true" signature="beforeMethod()[pri:0, instance:d20_09_2022_Tests.AutomationPracticeTests@d5b810e]" started-at="2022-09-24T21:43:34 CEST" name="beforeMethod" finished-at="2022-09-24T21:43:39 CEST" duration-ms="4341" status="PASS">
          <reporter-output>
          </reporter-output>
        </test-method> <!-- beforeMethod -->
        <test-method signature="AddingProductToTheCart()[pri:10, instance:d20_09_2022_Tests.AutomationPracticeTests@d5b810e]" started-at="2022-09-24T21:43:39 CEST" name="AddingProductToTheCart" finished-at="2022-09-24T21:44:07 CEST" duration-ms="28415" status="PASS">
          <reporter-output>
          </reporter-output>
        </test-method> <!-- AddingProductToTheCart -->
        <test-method is-config="true" signature="afterMethod()[pri:0, instance:d20_09_2022_Tests.AutomationPracticeTests@d5b810e]" started-at="2022-09-24T21:44:07 CEST" name="afterMethod" finished-at="2022-09-24T21:44:07 CEST" duration-ms="0" status="PASS">
          <reporter-output>
          </reporter-output>
        </test-method> <!-- afterMethod -->
        <test-method is-config="true" signature="beforeMethod()[pri:0, instance:d20_09_2022_Tests.AutomationPracticeTests@d5b810e]" started-at="2022-09-24T21:44:07 CEST" name="beforeMethod" finished-at="2022-09-24T21:44:11 CEST" duration-ms="3735" status="PASS">
          <reporter-output>
          </reporter-output>
        </test-method> <!-- beforeMethod -->
        <test-method signature="topMenuMouseOver()[pri:20, instance:d20_09_2022_Tests.AutomationPracticeTests@d5b810e]" started-at="2022-09-24T21:44:11 CEST" name="topMenuMouseOver" finished-at="2022-09-24T21:44:26 CEST" duration-ms="15496" status="FAIL">
          <exception class="java.lang.AssertionError">
            <message>
              <![CDATA[The following asserts failed:
Woman submenu should not be displayed. expected [false] but found [true],
Dresses submenu should not be displayed. expected [false] but found [true]]]>
            </message>
            <full-stacktrace>
              <![CDATA[java.lang.AssertionError: The following asserts failed:
Woman submenu should not be displayed. expected [false] but found [true],
Dresses submenu should not be displayed. expected [false] but found [true]
at org.testng.asserts.SoftAssert.assertAll(SoftAssert.java:47)
at org.testng.asserts.SoftAssert.assertAll(SoftAssert.java:31)
at d20_09_2022_Tests.AutomationPracticeTests.topMenuMouseOver(AutomationPracticeTests.java:101)
at java.base/jdk.internal.reflect.NativeMethodAccessorImpl.invoke0(Native Method)
at java.base/jdk.internal.reflect.NativeMethodAccessorImpl.invoke(NativeMethodAccessorImpl.java:77)
at java.base/jdk.internal.reflect.DelegatingMethodAccessorImpl.invoke(DelegatingMethodAccessorImpl.java:43)
at java.base/java.lang.reflect.Method.invoke(Method.java:568)
at org.testng.internal.MethodInvocationHelper.invokeMethod(MethodInvocationHelper.java:133)
at org.testng.internal.TestInvoker.invokeMethod(TestInvoker.java:598)
at org.testng.internal.TestInvoker.invokeTestMethod(TestInvoker.java:173)
at org.testng.internal.MethodRunner.runInSequence(MethodRunner.java:46)
at org.testng.internal.TestInvoker$MethodInvocationAgent.invoke(TestInvoker.java:824)
at org.testng.internal.TestInvoker.invokeTestMethods(TestInvoker.java:146)
at org.testng.internal.TestMethodWorker.invokeTestMethods(TestMethodWorker.java:146)
at org.testng.internal.TestMethodWorker.run(TestMethodWorker.java:128)
at java.base/java.util.ArrayList.forEach(ArrayList.java:1511)
at org.testng.TestRunner.privateRun(TestRunner.java:794)
at org.testng.TestRunner.run(TestRunner.java:596)
at org.testng.SuiteRunner.runTest(SuiteRunner.java:377)
at org.testng.SuiteRunner.runSequentially(SuiteRunner.java:371)
at org.testng.SuiteRunner.privateRun(SuiteRunner.java:332)
at org.testng.SuiteRunner.run(SuiteRunner.java:276)
at org.testng.SuiteRunnerWorker.runSuite(SuiteRunnerWorker.java:53)
at org.testng.SuiteRunnerWorker.run(SuiteRunnerWorker.java:96)
at org.testng.TestNG.runSuitesSequentially(TestNG.java:1212)
at org.testng.TestNG.runSuitesLocally(TestNG.java:1134)
at org.testng.TestNG.runSuites(TestNG.java:1063)
at org.testng.TestNG.run(TestNG.java:1031)
at org.testng.remote.AbstractRemoteTestNG.run(AbstractRemoteTestNG.java:115)
at org.testng.remote.RemoteTestNG.initAndRun(RemoteTestNG.java:251)
at org.testng.remote.RemoteTestNG.main(RemoteTestNG.java:77)
]]>
            </full-stacktrace>
          </exception> <!-- java.lang.AssertionError -->
          <reporter-output>
          </reporter-output>
        </test-method> <!-- topMenuMouseOver -->
        <test-method is-config="true" signature="afterMethod()[pri:0, instance:d20_09_2022_Tests.AutomationPracticeTests@d5b810e]" started-at="2022-09-24T21:44:26 CEST" name="afterMethod" finished-at="2022-09-24T21:44:26 CEST" duration-ms="0" status="PASS">
          <reporter-output>
          </reporter-output>
        </test-method> <!-- afterMethod -->
        <test-method is-config="true" signature="beforeMethod()[pri:0, instance:d20_09_2022_Tests.AutomationPracticeTests@d5b810e]" started-at="2022-09-24T21:44:26 CEST" name="beforeMethod" finished-at="2022-09-24T21:44:30 CEST" duration-ms="3475" status="PASS">
          <reporter-output>
          </reporter-output>
        </test-method> <!-- beforeMethod -->
        <test-method signature="phoneNumberVisibilityCheckOnResize()[pri:30, instance:d20_09_2022_Tests.AutomationPracticeTests@d5b810e]" started-at="2022-09-24T21:44:30 CEST" name="phoneNumberVisibilityCheckOnResize" finished-at="2022-09-24T21:44:30 CEST" duration-ms="431" status="FAIL">
          <exception class="java.lang.AssertionError">
            <message>
              <![CDATA[The following asserts failed:
Woman submenu should not be displayed. expected [false] but found [true],
Dresses submenu should not be displayed. expected [false] but found [true],
Phone number should be displayed expected [true] but found [false]]]>
            </message>
            <full-stacktrace>
              <![CDATA[java.lang.AssertionError: The following asserts failed:
Woman submenu should not be displayed. expected [false] but found [true],
Dresses submenu should not be displayed. expected [false] but found [true],
Phone number should be displayed expected [true] but found [false]
at org.testng.asserts.SoftAssert.assertAll(SoftAssert.java:47)
at org.testng.asserts.SoftAssert.assertAll(SoftAssert.java:31)
at d20_09_2022_Tests.AutomationPracticeTests.phoneNumberVisibilityCheckOnResize(AutomationPracticeTests.java:122)
at java.base/jdk.internal.reflect.NativeMethodAccessorImpl.invoke0(Native Method)
at java.base/jdk.internal.reflect.NativeMethodAccessorImpl.invoke(NativeMethodAccessorImpl.java:77)
at java.base/jdk.internal.reflect.DelegatingMethodAccessorImpl.invoke(DelegatingMethodAccessorImpl.java:43)
at java.base/java.lang.reflect.Method.invoke(Method.java:568)
at org.testng.internal.MethodInvocationHelper.invokeMethod(MethodInvocationHelper.java:133)
at org.testng.internal.TestInvoker.invokeMethod(TestInvoker.java:598)
at org.testng.internal.TestInvoker.invokeTestMethod(TestInvoker.java:173)
at org.testng.internal.MethodRunner.runInSequence(MethodRunner.java:46)
at org.testng.internal.TestInvoker$MethodInvocationAgent.invoke(TestInvoker.java:824)
at org.testng.internal.TestInvoker.invokeTestMethods(TestInvoker.java:146)
at org.testng.internal.TestMethodWorker.invokeTestMethods(TestMethodWorker.java:146)
at org.testng.internal.TestMethodWorker.run(TestMethodWorker.java:128)
at java.base/java.util.ArrayList.forEach(ArrayList.java:1511)
at org.testng.TestRunner.privateRun(TestRunner.java:794)
at org.testng.TestRunner.run(TestRunner.java:596)
at org.testng.SuiteRunner.runTest(SuiteRunner.java:377)
at org.testng.SuiteRunner.runSequentially(SuiteRunner.java:371)
at org.testng.SuiteRunner.privateRun(SuiteRunner.java:332)
at org.testng.SuiteRunner.run(SuiteRunner.java:276)
at org.testng.SuiteRunnerWorker.runSuite(SuiteRunnerWorker.java:53)
at org.testng.SuiteRunnerWorker.run(SuiteRunnerWorker.java:96)
at org.testng.TestNG.runSuitesSequentially(TestNG.java:1212)
at org.testng.TestNG.runSuitesLocally(TestNG.java:1134)
at org.testng.TestNG.runSuites(TestNG.java:1063)
at org.testng.TestNG.run(TestNG.java:1031)
at org.testng.remote.AbstractRemoteTestNG.run(AbstractRemoteTestNG.java:115)
at org.testng.remote.RemoteTestNG.initAndRun(RemoteTestNG.java:251)
at org.testng.remote.RemoteTestNG.main(RemoteTestNG.java:77)
]]>
            </full-stacktrace>
          </exception> <!-- java.lang.AssertionError -->
          <reporter-output>
          </reporter-output>
        </test-method> <!-- phoneNumberVisibilityCheckOnResize -->
        <test-method is-config="true" signature="afterMethod()[pri:0, instance:d20_09_2022_Tests.AutomationPracticeTests@d5b810e]" started-at="2022-09-24T21:44:30 CEST" name="afterMethod" finished-at="2022-09-24T21:44:30 CEST" duration-ms="0" status="PASS">
          <reporter-output>
          </reporter-output>
        </test-method> <!-- afterMethod -->
        <test-method is-config="true" signature="beforeMethod()[pri:0, instance:d20_09_2022_Tests.AutomationPracticeTests@d5b810e]" started-at="2022-09-24T21:44:30 CEST" name="beforeMethod" finished-at="2022-09-24T21:44:37 CEST" duration-ms="6375" status="PASS">
          <reporter-output>
          </reporter-output>
        </test-method> <!-- beforeMethod -->
        <test-method signature="headerLinksCheck()[pri:40, instance:d20_09_2022_Tests.AutomationPracticeTests@d5b810e]" started-at="2022-09-24T21:44:37 CEST" name="headerLinksCheck" finished-at="2022-09-24T21:44:44 CEST" duration-ms="7611" status="FAIL">
          <exception class="java.lang.AssertionError">
            <message>
              <![CDATA[The following asserts failed:
Woman submenu should not be displayed. expected [false] but found [true],
Dresses submenu should not be displayed. expected [false] but found [true],
Phone number should be displayed expected [true] but found [false]]]>
            </message>
            <full-stacktrace>
              <![CDATA[java.lang.AssertionError: The following asserts failed:
Woman submenu should not be displayed. expected [false] but found [true],
Dresses submenu should not be displayed. expected [false] but found [true],
Phone number should be displayed expected [true] but found [false]
at org.testng.asserts.SoftAssert.assertAll(SoftAssert.java:47)
at org.testng.asserts.SoftAssert.assertAll(SoftAssert.java:31)
at d20_09_2022_Tests.AutomationPracticeTests.headerLinksCheck(AutomationPracticeTests.java:139)
at java.base/jdk.internal.reflect.NativeMethodAccessorImpl.invoke0(Native Method)
at java.base/jdk.internal.reflect.NativeMethodAccessorImpl.invoke(NativeMethodAccessorImpl.java:77)
at java.base/jdk.internal.reflect.DelegatingMethodAccessorImpl.invoke(DelegatingMethodAccessorImpl.java:43)
at java.base/java.lang.reflect.Method.invoke(Method.java:568)
at org.testng.internal.MethodInvocationHelper.invokeMethod(MethodInvocationHelper.java:133)
at org.testng.internal.TestInvoker.invokeMethod(TestInvoker.java:598)
at org.testng.internal.TestInvoker.invokeTestMethod(TestInvoker.java:173)
at org.testng.internal.MethodRunner.runInSequence(MethodRunner.java:46)
at org.testng.internal.TestInvoker$MethodInvocationAgent.invoke(TestInvoker.java:824)
at org.testng.internal.TestInvoker.invokeTestMethods(TestInvoker.java:146)
at org.testng.internal.TestMethodWorker.invokeTestMethods(TestMethodWorker.java:146)
at org.testng.internal.TestMethodWorker.run(TestMethodWorker.java:128)
at java.base/java.util.ArrayList.forEach(ArrayList.java:1511)
at org.testng.TestRunner.privateRun(TestRunner.java:794)
at org.testng.TestRunner.run(TestRunner.java:596)
at org.testng.SuiteRunner.runTest(SuiteRunner.java:377)
at org.testng.SuiteRunner.runSequentially(SuiteRunner.java:371)
at org.testng.SuiteRunner.privateRun(SuiteRunner.java:332)
at org.testng.SuiteRunner.run(SuiteRunner.java:276)
at org.testng.SuiteRunnerWorker.runSuite(SuiteRunnerWorker.java:53)
at org.testng.SuiteRunnerWorker.run(SuiteRunnerWorker.java:96)
at org.testng.TestNG.runSuitesSequentially(TestNG.java:1212)
at org.testng.TestNG.runSuitesLocally(TestNG.java:1134)
at org.testng.TestNG.runSuites(TestNG.java:1063)
at org.testng.TestNG.run(TestNG.java:1031)
at org.testng.remote.AbstractRemoteTestNG.run(AbstractRemoteTestNG.java:115)
at org.testng.remote.RemoteTestNG.initAndRun(RemoteTestNG.java:251)
at org.testng.remote.RemoteTestNG.main(RemoteTestNG.java:77)
]]>
            </full-stacktrace>
          </exception> <!-- java.lang.AssertionError -->
          <reporter-output>
          </reporter-output>
        </test-method> <!-- headerLinksCheck -->
        <test-method is-config="true" signature="afterMethod()[pri:0, instance:d20_09_2022_Tests.AutomationPracticeTests@d5b810e]" started-at="2022-09-24T21:44:44 CEST" name="afterMethod" finished-at="2022-09-24T21:44:44 CEST" duration-ms="0" status="PASS">
          <reporter-output>
          </reporter-output>
        </test-method> <!-- afterMethod -->
        <test-method is-config="true" signature="afterClass()[pri:0, instance:d20_09_2022_Tests.AutomationPracticeTests@d5b810e]" started-at="2022-09-24T21:44:44 CEST" name="afterClass" finished-at="2022-09-24T21:44:44 CEST" duration-ms="177" status="PASS">
          <reporter-output>
          </reporter-output>
        </test-method> <!-- afterClass -->
      </class> <!-- d20_09_2022_Tests.AutomationPracticeTests -->
    </test> <!-- Default test -->
  </suite> <!-- Default suite -->
</testng-results>
